# JRE version: Java(TM) SE Runtime Environment (17.0.8+9) (build 17.0.8+9-LTS-211)
# Java VM: Java HotSpot(TM) 64-Bit Server VM (17.0.8+9-LTS-211, mixed mode, sharing, tiered, compressed oops, compressed class ptrs, g1 gc, windows-amd64)
GC Precious Log:
 CPUs: 4 total, 4 available
 Memory: 8186M
 Large Page Support: Disabled
 NUMA Support: Disabled
 Compressed Oops: Enabled (32-bit)
 Heap Region Size: 1M
 Heap Min Capacity: 8M
 Heap Initial Capacity: 128M
 Heap Max Capacity: 2G
 Pre-touch: Disabled
 Parallel Workers: 4
 Concurrent Workers: 1
 Concurrent Refinement Workers: 4
 Periodic GC: Disabled
Heap:
 garbage-first heap   total 89088K, used 35057K [0x0000000080000000, 0x0000000100000000)
  region size 1024K, 15 young (15360K), 4 survivors (4096K)
 Metaspace       used 21891K, committed 22208K, reserved 1114112K
  class space    used 2955K, committed 3136K, reserved 1048576K
GC Heap History (10 events):
Event: 3.191 GC heap before
{Heap before GC invocations=0 (full 0):
 garbage-first heap   total 131072K, used 13312K [0x0000000080000000, 0x0000000100000000)
  region size 1024K, 13 young (13312K), 0 survivors (0K)
 Metaspace       used 2679K, committed 2880K, reserved 1114112K
  class space    used 273K, committed 384K, reserved 1048576K
}
Event: 3.203 GC heap after
{Heap after GC invocations=1 (full 0):
 garbage-first heap   total 131072K, used 2645K [0x0000000080000000, 0x0000000100000000)
  region size 1024K, 2 young (2048K), 2 survivors (2048K)
 Metaspace       used 2679K, committed 2880K, reserved 1114112K
  class space    used 273K, committed 384K, reserved 1048576K
}
Event: 4.220 GC heap before
{Heap before GC invocations=1 (full 0):
 garbage-first heap   total 131072K, used 18005K [0x0000000080000000, 0x0000000100000000)
  region size 1024K, 18 young (18432K), 2 survivors (2048K)
 Metaspace       used 8292K, committed 8448K, reserved 1114112K
  class space    used 1041K, committed 1088K, reserved 1048576K
}
Event: 4.238 GC heap after
{Heap after GC invocations=2 (full 0):
 garbage-first heap   total 131072K, used 4473K [0x0000000080000000, 0x0000000100000000)
  region size 1024K, 2 young (2048K), 2 survivors (2048K)
 Metaspace       used 8292K, committed 8448K, reserved 1114112K
  class space    used 1041K, committed 1088K, reserved 1048576K
}
Event: 190.598 GC heap before
{Heap before GC invocations=2 (full 0):
 garbage-first heap   total 131072K, used 90489K [0x0000000080000000, 0x0000000100000000)
  region size 1024K, 76 young (77824K), 2 survivors (2048K)
 Metaspace       used 20670K, committed 20928K, reserved 1114112K
  class space    used 2913K, committed 3072K, reserved 1048576K
}
Event: 190.656 GC heap after
{Heap after GC invocations=3 (full 0):
 garbage-first heap   total 131072K, used 22137K [0x0000000080000000, 0x0000000100000000)
  region size 1024K, 10 young (10240K), 10 survivors (10240K)
 Metaspace       used 20670K, committed 20928K, reserved 1114112K
  class space    used 2913K, committed 3072K, reserved 1048576K
}
Event: 233.316 GC heap before
{Heap before GC invocations=3 (full 0):
 garbage-first heap   total 131072K, used 38521K [0x0000000080000000, 0x0000000100000000)
  region size 1024K, 27 young (27648K), 10 survivors (10240K)
 Metaspace       used 21212K, committed 21504K, reserved 1114112K
  class space    used 2943K, committed 3072K, reserved 1048576K
}
Event: 233.348 GC heap after
{Heap after GC invocations=4 (full 0):
 garbage-first heap   total 131072K, used 24363K [0x0000000080000000, 0x0000000100000000)
  region size 1024K, 3 young (3072K), 3 survivors (3072K)
 Metaspace       used 21212K, committed 21504K, reserved 1114112K
  class space    used 2943K, committed 3072K, reserved 1048576K
}
Event: 267.603 GC heap before
{Heap before GC invocations=5 (full 0):
 garbage-first heap   total 89088K, used 72491K [0x0000000080000000, 0x0000000100000000)
  region size 1024K, 51 young (52224K), 3 survivors (3072K)
 Metaspace       used 21723K, committed 22016K, reserved 1114112K
  class space    used 2948K, committed 3136K, reserved 1048576K
}
Event: 267.627 GC heap after
{Heap after GC invocations=6 (full 0):
 garbage-first heap   total 89088K, used 24817K [0x0000000080000000, 0x0000000100000000)
  region size 1024K, 4 young (4096K), 4 survivors (4096K)
 Metaspace       used 21723K, committed 22016K, reserved 1114112K
  class space    used 2948K, committed 3136K, reserved 1048576K
}

